1 0.xyz
1 00.xyz
1 01.xyz
1 02.xyz
1 03.xyz
1 04.xyz
1 05.xyz
1 06.xyz
1 07.xyz
1 08.xyz
1 09.xyz
1 1.xyz
1 10.xyz
1 11.xyz
1 12.xyz
1 13.xyz
1 14.xyz
1 15.xyz
1 16.xyz
1 17.xyz
1 18.xyz
1 19.xyz
1 2.xyz
1 20.xyz
1 21.xyz
1 22.xyz
1 23.xyz
1 24.xyz
1 25.xyz
1 26.xyz
1 27.xyz
1 28.xyz
1 29.xyz
1 3.xyz
1 30.xyz
1 31.xyz
1 32.xyz
1 33.xyz
1 34.xyz
1 35.xyz
1 36.xyz
0 37.xyz
0 38.xyz
0 39.xyz
0 4.xyz
0 40.xyz
0 41.xyz
0 42.xyz
0 43.xyz
0 44.xyz
0 45.xyz
0 46.xyz
0 47.xyz
0 48.xyz
0 49.xyz
0 5.xyz
0 50.xyz
0 51.xyz
0 52.xyz
0 53.xyz
0 54.xyz
0 55.xyz
0 56.xyz
0 57.xyz
0 58.xyz
0 59.xyz
0 6.xyz
0 60.xyz
0 61.xyz
0 62.xyz
0 63.xyz
0 64.xyz
0 65.xyz
0 66.xyz
0 67.xyz
0 68.xyz
0 69.xyz
0 7.xyz
0 70.xyz
0 71.xyz
0 72.xyz
0 73.xyz
0 74.xyz
0 75.xyz
0 76.xyz
0 77.xyz
0 78.xyz
0 79.xyz
0 8.xyz
0 80.xyz
0 81.xyz
0 82.xyz
0 83.xyz
0 84.xyz
0 85.xyz
0 86.xyz
0 87.xyz
0 88.xyz
0 89.xyz
0 9.xyz
0 90.xyz
0 91.xyz
0 92.xyz
0 93.xyz
0 94.xyz
0 95.xyz
